d8888b. d888888b .d8888.
88  `8D `~~88~~' 88'  YP
88oooY'    88    `8bo.
88~~~b.    88      `Y8b.
88   8D    88    db   8D
Y8888P'    YP    `8888Y'

=====================================================================================
bts  based on Spring Boot (v2.2.8.RELEASE)
=====================================================================================

{"timestamp":"2020-07-02T03:16:35.009Z","logger":"c.s.b.a.Application","level":"INFO","class":"org.springframework.boot.SpringApplication","method":"logStartupProfileInfo","file_name":"SpringApplication.java","line":655,"thread":"main","message":"The following profiles are active: local","app":"bts","host":"e82949a4b5a0","environment":"local","version":"0.0.1"}
{"timestamp":"2020-07-02T03:16:36.671Z","logger":"o.s.d.r.c.RepositoryConfigurationDelegate","level":"INFO","class":"org.springframework.data.repository.config.RepositoryConfigurationDelegate","method":"registerRepositoriesIn","file_name":"RepositoryConfigurationDelegate.java","line":127,"thread":"main","message":"Bootstrapping Spring Data JPA repositories in DEFAULT mode.","app":"bts","host":"e82949a4b5a0","environment":"local","version":"0.0.1"}
{"timestamp":"2020-07-02T03:16:36.965Z","logger":"o.s.d.r.c.RepositoryConfigurationDelegate","level":"INFO","class":"org.springframework.data.repository.config.RepositoryConfigurationDelegate","method":"registerRepositoriesIn","file_name":"RepositoryConfigurationDelegate.java","line":187,"thread":"main","message":"Finished Spring Data repository scanning in 272ms. Found 8 JPA repository interfaces.","app":"bts","host":"e82949a4b5a0","environment":"local","version":"0.0.1"}
{"timestamp":"2020-07-02T03:16:38.071Z","logger":"o.s.c.c.s.GenericScope","level":"INFO","class":"org.springframework.cloud.context.scope.GenericScope","method":"setSerializationId","file_name":"GenericScope.java","line":295,"thread":"main","message":"BeanFactory id=a96b7964-2550-361c-94fc-ce5cd7011159","app":"bts","host":"e82949a4b5a0","environment":"local","version":"0.0.1"}
{"timestamp":"2020-07-02T03:16:39.224Z","logger":"o.s.b.w.e.t.TomcatWebServer","level":"INFO","class":"org.springframework.boot.web.embedded.tomcat.TomcatWebServer","method":"initialize","file_name":"TomcatWebServer.java","line":91,"thread":"main","message":"Tomcat initialized with port(s): 8080 (http)","app":"bts","host":"e82949a4b5a0","environment":"local","version":"0.0.1"}
{"timestamp":"2020-07-02T03:16:39.247Z","logger":"o.a.c.h.Http11NioProtocol","level":"INFO","class":"org.apache.juli.logging.DirectJDKLog","method":"log","file_name":"DirectJDKLog.java","line":173,"thread":"main","message":"Initializing ProtocolHandler [\"http-nio-8080\"]","app":"bts","host":"e82949a4b5a0","environment":"local","version":"0.0.1"}
{"timestamp":"2020-07-02T03:16:39.249Z","logger":"o.a.c.c.StandardService","level":"INFO","class":"org.apache.juli.logging.DirectJDKLog","method":"log","file_name":"DirectJDKLog.java","line":173,"thread":"main","message":"Starting service [Tomcat]","app":"bts","host":"e82949a4b5a0","environment":"local","version":"0.0.1"}
{"timestamp":"2020-07-02T03:16:39.250Z","logger":"o.a.c.c.StandardEngine","level":"INFO","class":"org.apache.juli.logging.DirectJDKLog","method":"log","file_name":"DirectJDKLog.java","line":173,"thread":"main","message":"Starting Servlet engine: [Apache Tomcat/9.0.36]","app":"bts","host":"e82949a4b5a0","environment":"local","version":"0.0.1"}
{"timestamp":"2020-07-02T03:16:39.256Z","logger":"o.a.c.c.AprLifecycleListener","level":"INFO","class":"org.apache.juli.logging.DirectJDKLog","method":"log","file_name":"DirectJDKLog.java","line":173,"thread":"main","message":"An older version [1.2.21] of the Apache Tomcat Native library is installed, while Tomcat recommends a minimum version of [1.2.23]","app":"bts","host":"e82949a4b5a0","environment":"local","version":"0.0.1"}
{"timestamp":"2020-07-02T03:16:39.257Z","logger":"o.a.c.c.AprLifecycleListener","level":"INFO","class":"org.apache.juli.logging.DirectJDKLog","method":"log","file_name":"DirectJDKLog.java","line":173,"thread":"main","message":"Loaded Apache Tomcat Native library [1.2.21] using APR version [1.7.0].","app":"bts","host":"e82949a4b5a0","environment":"local","version":"0.0.1"}
{"timestamp":"2020-07-02T03:16:39.259Z","logger":"o.a.c.c.AprLifecycleListener","level":"INFO","class":"org.apache.juli.logging.DirectJDKLog","method":"log","file_name":"DirectJDKLog.java","line":173,"thread":"main","message":"APR capabilities: IPv6 [true], sendfile [true], accept filters [false], random [true].","app":"bts","host":"e82949a4b5a0","environment":"local","version":"0.0.1"}
{"timestamp":"2020-07-02T03:16:39.259Z","logger":"o.a.c.c.AprLifecycleListener","level":"INFO","class":"org.apache.juli.logging.DirectJDKLog","method":"log","file_name":"DirectJDKLog.java","line":173,"thread":"main","message":"APR/OpenSSL configuration: useAprConnector [false], useOpenSSL [true]","app":"bts","host":"e82949a4b5a0","environment":"local","version":"0.0.1"}
{"timestamp":"2020-07-02T03:16:39.265Z","logger":"o.a.c.c.AprLifecycleListener","level":"INFO","class":"org.apache.juli.logging.DirectJDKLog","method":"log","file_name":"DirectJDKLog.java","line":173,"thread":"main","message":"OpenSSL successfully initialized [OpenSSL 1.1.0l  10 Sep 2019]","app":"bts","host":"e82949a4b5a0","environment":"local","version":"0.0.1"}
{"timestamp":"2020-07-02T03:16:39.419Z","logger":"o.a.c.c.C.[.[.[/api]","level":"INFO","class":"org.apache.juli.logging.DirectJDKLog","method":"log","file_name":"DirectJDKLog.java","line":173,"thread":"main","message":"Initializing Spring embedded WebApplicationContext","app":"bts","host":"e82949a4b5a0","environment":"local","version":"0.0.1"}
{"timestamp":"2020-07-02T03:16:39.420Z","logger":"o.s.b.w.s.c.ServletWebServerApplicationContext","level":"INFO","class":"org.springframework.boot.web.servlet.context.ServletWebServerApplicationContext","method":"prepareWebApplicationContext","file_name":"ServletWebServerApplicationContext.java","line":283,"thread":"main","message":"Root WebApplicationContext: initialization completed in 4303 ms","app":"bts","host":"e82949a4b5a0","environment":"local","version":"0.0.1"}
{"timestamp":"2020-07-02T03:16:40.044Z","logger":"o.f.c.i.l.VersionPrinter","level":"INFO","class":"org.flywaydb.core.internal.logging.slf4j.Slf4jLog","method":"info","file_name":"Slf4jLog.java","line":49,"thread":"main","message":"Flyway Community Edition 6.0.8 by Redgate","app":"bts","host":"e82949a4b5a0","environment":"local","version":"0.0.1"}
{"timestamp":"2020-07-02T03:16:40.383Z","logger":"o.f.c.i.d.DatabaseFactory","level":"INFO","class":"org.flywaydb.core.internal.logging.slf4j.Slf4jLog","method":"info","file_name":"Slf4jLog.java","line":49,"thread":"main","message":"Database: jdbc:mysql://mysql:3306/bts (MySQL 8.0)","app":"bts","host":"e82949a4b5a0","environment":"local","version":"0.0.1"}
{"timestamp":"2020-07-02T03:16:40.488Z","logger":"o.f.c.i.c.DbValidate","level":"INFO","class":"org.flywaydb.core.internal.logging.slf4j.Slf4jLog","method":"info","file_name":"Slf4jLog.java","line":49,"thread":"main","message":"Successfully validated 2 migrations (execution time 00:00.051s)","app":"bts","host":"e82949a4b5a0","environment":"local","version":"0.0.1"}
{"timestamp":"2020-07-02T03:16:40.505Z","logger":"o.f.c.i.c.DbMigrate","level":"INFO","class":"org.flywaydb.core.internal.logging.slf4j.Slf4jLog","method":"info","file_name":"Slf4jLog.java","line":49,"thread":"main","message":"Current version of schema `bts`: 1.1","app":"bts","host":"e82949a4b5a0","environment":"local","version":"0.0.1"}
{"timestamp":"2020-07-02T03:16:40.508Z","logger":"o.f.c.i.c.DbMigrate","level":"INFO","class":"org.flywaydb.core.internal.logging.slf4j.Slf4jLog","method":"info","file_name":"Slf4jLog.java","line":49,"thread":"main","message":"Schema `bts` is up to date. No migration necessary.","app":"bts","host":"e82949a4b5a0","environment":"local","version":"0.0.1"}
{"timestamp":"2020-07-02T03:16:40.508Z","logger":"o.f.c.i.c.DbMigrate","level":"INFO","class":"org.flywaydb.core.internal.logging.slf4j.Slf4jLog","method":"info","file_name":"Slf4jLog.java","line":49,"thread":"main","message":"Started Application in 11234ms.","app":"bts","host":"e82949a4b5a0","environment":"local","version":"0.0.1"}
{"timestamp":"2020-07-02T03:16:40.678Z","logger":"c.z.h.HikariDataSource","level":"INFO","class":"com.zaxxer.hikari.HikariDataSource","method":"getConnection","file_name":"HikariDataSource.java","line":110,"thread":"main","message":"HikariPool-1 - Starting...","app":"bts","host":"e82949a4b5a0","environment":"local","version":"0.0.1"}
{"timestamp":"2020-07-02T03:16:40.716Z","logger":"c.z.h.HikariDataSource","level":"INFO","class":"com.zaxxer.hikari.HikariDataSource","method":"getConnection","file_name":"HikariDataSource.java","line":123,"thread":"main","message":"HikariPool-1 - Start completed.","app":"bts","host":"e82949a4b5a0","environment":"local","version":"0.0.1"}
{"timestamp":"2020-07-02T03:16:40.869Z","logger":"o.h.j.i.u.LogHelper","level":"INFO","class":"org.hibernate.jpa.internal.util.LogHelper","method":"logPersistenceUnitInformation","file_name":"LogHelper.java","line":31,"thread":"main","message":"HHH000204: Processing PersistenceUnitInfo [name: default]","app":"bts","host":"e82949a4b5a0","environment":"local","version":"0.0.1"}
